nohup: ignoring input
 * Serving Flask app 'app'
 * Debug mode: on
[31m[1mWARNING: This is a development server. Do not use it in a production deployment. Use a production WSGI server instead.[0m
 * Running on http://127.0.0.1:5000
[33mPress CTRL+C to quit[0m
 * Restarting with stat
 * Debugger is active!
 * Debugger PIN: 644-608-743
127.0.0.1 - - [12/Jan/2026 00:14:25] "GET /episodes/1 HTTP/1.1" 200 -
 * Detected change in '/home/user/lateshow-david-kamau/app/models.py', reloading
 * Restarting with stat
 * Debugger is active!
 * Debugger PIN: 644-608-743
 * Detected change in '/home/user/lateshow-david-kamau/app/routes.py', reloading
 * Restarting with stat
 * Debugger is active!
 * Debugger PIN: 644-608-743
 * Detected change in '/home/user/lateshow-david-kamau/seed.py', reloading
 * Restarting with stat
 * Debugger is active!
 * Debugger PIN: 644-608-743
 * Detected change in '/home/user/lateshow-david-kamau/app/models.py', reloading
 * Restarting with stat
 * Debugger is active!
 * Debugger PIN: 644-608-743
127.0.0.1 - - [12/Jan/2026 00:32:33] "GET /restaurants HTTP/1.1" 200 -
127.0.0.1 - - [12/Jan/2026 00:32:35] "[33mGET /restaurants/1 HTTP/1.1[0m" 404 -
127.0.0.1 - - [12/Jan/2026 00:32:36] "[33mHEAD /restaurants/1 HTTP/1.1[0m" 404 -
 * Detected change in '/home/user/lateshow-david-kamau/app/routes.py', reloading
 * Restarting with stat
 * Debugger is active!
 * Debugger PIN: 644-608-743
 * Detected change in '/home/user/lateshow-david-kamau/app/routes.py', reloading
 * Restarting with stat
 * Debugger is active!
 * Debugger PIN: 644-608-743
 * Detected change in '/home/user/lateshow-david-kamau/app/routes.py', reloading
 * Restarting with stat
 * Debugger is active!
 * Debugger PIN: 644-608-743
 * Detected change in '/home/user/lateshow-david-kamau/app/routes.py', reloading
 * Restarting with stat
 * Debugger is active!
 * Debugger PIN: 644-608-743
 * Detected change in '/home/user/lateshow-david-kamau/app/routes.py', reloading
 * Restarting with stat
 * Debugger is active!
 * Debugger PIN: 644-608-743
 * Detected change in '/home/user/lateshow-david-kamau/app/routes.py', reloading
 * Restarting with stat
 * Debugger is active!
 * Debugger PIN: 644-608-743
 * Detected change in '/home/user/lateshow-david-kamau/app/routes.py', reloading
 * Restarting with stat
 * Debugger is active!
 * Debugger PIN: 644-608-743
 * Detected change in '/home/user/lateshow-david-kamau/app/routes.py', reloading
 * Restarting with stat
 * Debugger is active!
 * Debugger PIN: 644-608-743
 * Detected change in '/home/user/lateshow-david-kamau/tests/test_restaurant_pizza.py', reloading
 * Restarting with stat
 * Debugger is active!
 * Debugger PIN: 644-608-743
 * Detected change in '/home/user/lateshow-david-kamau/tests/test_restaurant_pizza.py', reloading
 * Restarting with stat
 * Debugger is active!
 * Debugger PIN: 644-608-743
